<?xml version="1.0" encoding="UTF-8"?>
<!-- Generated by org.testng.reporters.JUnitReportReporter -->
<testsuite skipped="0" hostname="ip-172-31-92-120" name="test.AfterLoginTest" tests="1" failures="0" timestamp="14 Dec 2021 13:08:57 GMT" time="2.005" errors="0">
  <testcase name="afterLogin" time="2.005" classname="test.AfterLoginTest"/>
</testsuite> <!-- test.AfterLoginTest -->
