<?xml version="1.0" encoding="UTF-8"?>
<!-- Generated by org.testng.reporters.JUnitReportReporter -->
<testsuite skipped="0" hostname="ip-172-31-92-120" name="test.SignUpPageTest" tests="1" failures="0" timestamp="14 Dec 2021 13:08:57 GMT" time="1.991" errors="0">
  <testcase name="signupTest" time="1.991" classname="test.SignUpPageTest"/>
</testsuite> <!-- test.SignUpPageTest -->
